<?xml version="1.0" encoding="UTF-8"?>
<!-- Generated by org.testng.reporters.JUnitXMLReporter -->
<testsuite hostname="DESKTOP-BB2GFQJ" ignored="2" tests="3" failures="0" timestamp="30 Nov 2018 09:57:21 GMT" time="7.737" errors="0">
  <testcase name="test2" time="2.329" classname="TestNGClass"/>
  <testcase name="test5" time="2.61" classname="TestNGClass"/>
  <testcase name="test1" time="2.966" classname="TestNGClass"/>
  <testcase name="test3" time="0.0" classname="TestNGClass">
    <ignored/>
  </testcase> <!-- test3 -->
  <testcase name="test4" time="0.0" classname="TestNGClass">
    <ignored/>
  </testcase> <!-- test4 -->
</testsuite>
