<?xml version="1.0" encoding="UTF-8"?>
<testng-results skipped="0" failed="0" ignored="2" total="5" passed="3">
  <reporter-output>
  </reporter-output>
  <suite name="Suite" duration-ms="7737" started-at="2018-11-30T09:57:13Z" finished-at="2018-11-30T09:57:21Z">
    <groups>
      <group name="Sanity">
        <method signature="TestNGClass.test1()[pri:0, instance:TestNGClass@7a9273a8]" name="test1" class="TestNGClass"/>
        <method signature="TestNGClass.test2()[pri:0, instance:TestNGClass@7a9273a8]" name="test2" class="TestNGClass"/>
        <method signature="TestNGClass.test5()[pri:0, instance:TestNGClass@7a9273a8]" name="test5" class="TestNGClass"/>
      </group> <!-- Sanity -->
    </groups>
    <test name="Test" duration-ms="7737" started-at="2018-11-30T09:57:13Z" finished-at="2018-11-30T09:57:21Z">
      <class name="TestNGClass">
        <test-method status="PASS" signature="start()[pri:0, instance:TestNGClass@7a9273a8]" name="start" is-config="true" duration-ms="2612" started-at="2018-11-30T09:57:13Z" finished-at="2018-11-30T09:57:16Z">
          <reporter-output>
          </reporter-output>
        </test-method> <!-- start -->
        <test-method status="PASS" signature="test2()[pri:0, instance:TestNGClass@7a9273a8]" name="test2" duration-ms="2329" started-at="2018-11-30T09:57:16Z" finished-at="2018-11-30T09:57:18Z">
          <reporter-output>
          </reporter-output>
        </test-method> <!-- test2 -->
        <test-method status="PASS" signature="test5()[pri:0, instance:TestNGClass@7a9273a8]" name="test5" duration-ms="2610" started-at="2018-11-30T09:57:16Z" finished-at="2018-11-30T09:57:18Z">
          <reporter-output>
          </reporter-output>
        </test-method> <!-- test5 -->
        <test-method status="PASS" signature="test1()[pri:0, instance:TestNGClass@7a9273a8]" name="test1" duration-ms="2966" started-at="2018-11-30T09:57:16Z" finished-at="2018-11-30T09:57:19Z">
          <reporter-output>
          </reporter-output>
        </test-method> <!-- test1 -->
        <test-method status="PASS" signature="close()[pri:0, instance:TestNGClass@7a9273a8]" name="close" is-config="true" duration-ms="2138" started-at="2018-11-30T09:57:19Z" finished-at="2018-11-30T09:57:21Z">
          <reporter-output>
          </reporter-output>
        </test-method> <!-- close -->
      </class> <!-- TestNGClass -->
    </test> <!-- Test -->
  </suite> <!-- Suite -->
</testng-results>
